<?xml version="1.0" encoding="UTF-8"?>
<coverage generated="1595145496941" clover="3.2.0">
  <project timestamp="1595145496941" name="All files">
    <metrics statements="28" coveredstatements="16" conditionals="2" coveredconditionals="2" methods="15" coveredmethods="10" elements="45" coveredelements="28" complexity="0" loc="28" ncloc="28" packages="3" files="6" classes="6"/>
    <package name="src">
      <metrics statements="5" coveredstatements="0" conditionals="0" coveredconditionals="0" methods="0" coveredmethods="0"/>
      <file name="index.js" path="/Users/shubhamkumar/Desktop/ROBO/robofriends/src/index.js">
        <metrics statements="5" coveredstatements="0" conditionals="0" coveredconditionals="0" methods="0" coveredmethods="0"/>
        <line num="13" count="0" type="stmt"/>
        <line num="15" count="0" type="stmt"/>
        <line num="17" count="0" type="stmt"/>
        <line num="22" count="0" type="stmt"/>
        <line num="32" count="0" type="stmt"/>
      </file>
    </package>
    <package name="src.components">
      <metrics statements="16" coveredstatements="16" conditionals="2" coveredconditionals="2" methods="10" coveredmethods="10"/>
      <file name="Card.js" path="/Users/shubhamkumar/Desktop/ROBO/robofriends/src/components/Card.js">
        <metrics statements="2" coveredstatements="2" conditionals="0" coveredconditionals="0" methods="1" coveredmethods="1"/>
        <line num="4" count="3" type="stmt"/>
        <line num="5" count="1" type="stmt"/>
      </file>
      <file name="CounterButton.js" path="/Users/shubhamkumar/Desktop/ROBO/robofriends/src/components/CounterButton.js">
        <metrics statements="6" coveredstatements="6" conditionals="0" coveredconditionals="0" methods="4" coveredmethods="4"/>
        <line num="5" count="2" type="stmt"/>
        <line num="6" count="2" type="stmt"/>
        <line num="18" count="2" type="stmt"/>
        <line num="19" count="3" type="stmt"/>
        <line num="20" count="3" type="stmt"/>
        <line num="25" count="5" type="stmt"/>
      </file>
      <file name="MainPage.js" path="/Users/shubhamkumar/Desktop/ROBO/robofriends/src/components/MainPage.js">
        <metrics statements="6" coveredstatements="6" conditionals="2" coveredconditionals="2" methods="4" coveredmethods="4"/>
        <line num="12" count="7" type="stmt"/>
        <line num="15" count="7" type="stmt"/>
        <line num="16" count="8" type="stmt"/>
        <line num="17" count="4" type="stmt"/>
        <line num="24" count="7" type="stmt"/>
        <line num="25" count="7" type="cond" truecount="2" falsecount="0"/>
      </file>
      <file name="SearchBox.js" path="/Users/shubhamkumar/Desktop/ROBO/robofriends/src/components/SearchBox.js">
        <metrics statements="2" coveredstatements="2" conditionals="0" coveredconditionals="0" methods="1" coveredmethods="1"/>
        <line num="3" count="2" type="stmt"/>
        <line num="5" count="1" type="stmt"/>
      </file>
    </package>
    <package name="src.containers">
      <metrics statements="7" coveredstatements="0" conditionals="0" coveredconditionals="0" methods="5" coveredmethods="0"/>
      <file name="App.js" path="/Users/shubhamkumar/Desktop/ROBO/robofriends/src/containers/App.js">
        <metrics statements="7" coveredstatements="0" conditionals="0" coveredconditionals="0" methods="5" coveredmethods="0"/>
        <line num="13" count="0" type="stmt"/>
        <line num="14" count="0" type="stmt"/>
        <line num="22" count="0" type="stmt"/>
        <line num="23" count="0" type="stmt"/>
        <line num="24" count="0" type="stmt"/>
        <line num="25" count="0" type="stmt"/>
        <line num="31" count="0" type="stmt"/>
      </file>
    </package>
  </project>
</coverage>
