{"/Users/shubhamkumar/Desktop/ROBO/robofriends/src/index.js": {"path":"/Users/shubhamkumar/Desktop/ROBO/robofriends/src/index.js","statementMap":{"0":{"start":{"line":13,"column":15},"end":{"line":13,"column":29}},"1":{"start":{"line":15,"column":20},"end":{"line":15,"column":68}},"2":{"start":{"line":17,"column":14},"end":{"line":20,"column":1}},"3":{"start":{"line":22,"column":0},"end":{"line":29,"column":2}},"4":{"start":{"line":32,"column":0},"end":{"line":32,"column":25}}},"fnMap":{},"branchMap":{},"s":{"0":0,"1":0,"2":0,"3":0,"4":0},"f":{},"b":{},"hash":"24bb660256c86dbe55fd313351864272f569b5f3"}
,"/Users/shubhamkumar/Desktop/ROBO/robofriends/src/components/Card.js": {"path":"/Users/shubhamkumar/Desktop/ROBO/robofriends/src/components/Card.js","statementMap":{"0":{"start":{"line":4,"column":13},"end":{"line":14,"column":1}},"1":{"start":{"line":5,"column":2},"end":{"line":13,"column":4}}},"fnMap":{"0":{"name":"(anonymous_0)","decl":{"start":{"line":4,"column":13},"end":{"line":4,"column":14}},"loc":{"start":{"line":4,"column":38},"end":{"line":14,"column":1}},"line":4}},"branchMap":{},"s":{"0":3,"1":1},"f":{"0":1},"b":{},"_coverageSchema":"43e27e138ebf9cfc5966b082cf9a028302ed4184","hash":"84d16429c451df044ea02195d4c0009d12454009"}
,"/Users/shubhamkumar/Desktop/ROBO/robofriends/src/components/CounterButton.js": {"path":"/Users/shubhamkumar/Desktop/ROBO/robofriends/src/components/CounterButton.js","statementMap":{"0":{"start":{"line":5,"column":4},"end":{"line":5,"column":12}},"1":{"start":{"line":6,"column":4},"end":{"line":8,"column":6}},"2":{"start":{"line":18,"column":16},"end":{"line":22,"column":3}},"3":{"start":{"line":19,"column":4},"end":{"line":21,"column":7}},"4":{"start":{"line":20,"column":6},"end":{"line":20,"column":40}},"5":{"start":{"line":25,"column":4},"end":{"line":29,"column":6}}},"fnMap":{"0":{"name":"(anonymous_0)","decl":{"start":{"line":4,"column":2},"end":{"line":4,"column":3}},"loc":{"start":{"line":4,"column":16},"end":{"line":9,"column":3}},"line":4},"1":{"name":"(anonymous_1)","decl":{"start":{"line":18,"column":16},"end":{"line":18,"column":17}},"loc":{"start":{"line":18,"column":22},"end":{"line":22,"column":3}},"line":18},"2":{"name":"(anonymous_2)","decl":{"start":{"line":19,"column":18},"end":{"line":19,"column":19}},"loc":{"start":{"line":19,"column":29},"end":{"line":21,"column":5}},"line":19},"3":{"name":"(anonymous_3)","decl":{"start":{"line":23,"column":2},"end":{"line":23,"column":3}},"loc":{"start":{"line":23,"column":11},"end":{"line":30,"column":3}},"line":23}},"branchMap":{},"s":{"0":2,"1":2,"2":2,"3":3,"4":3,"5":5},"f":{"0":2,"1":3,"2":3,"3":5},"b":{},"_coverageSchema":"43e27e138ebf9cfc5966b082cf9a028302ed4184","hash":"e8bd383987212c393540d18d77d8bad497be2f7f"}
,"/Users/shubhamkumar/Desktop/ROBO/robofriends/src/components/MainPage.js": {"path":"/Users/shubhamkumar/Desktop/ROBO/robofriends/src/components/MainPage.js","statementMap":{"0":{"start":{"line":12,"column":4},"end":{"line":12,"column":33}},"1":{"start":{"line":15,"column":17},"end":{"line":21,"column":3}},"2":{"start":{"line":16,"column":4},"end":{"line":20,"column":7}},"3":{"start":{"line":17,"column":6},"end":{"line":19,"column":56}},"4":{"start":{"line":24,"column":50},"end":{"line":24,"column":60}},"5":{"start":{"line":25,"column":4},"end":{"line":40,"column":6}}},"fnMap":{"0":{"name":"(anonymous_0)","decl":{"start":{"line":11,"column":2},"end":{"line":11,"column":3}},"loc":{"start":{"line":11,"column":22},"end":{"line":13,"column":3}},"line":11},"1":{"name":"(anonymous_1)","decl":{"start":{"line":15,"column":17},"end":{"line":15,"column":18}},"loc":{"start":{"line":15,"column":23},"end":{"line":21,"column":3}},"line":15},"2":{"name":"(anonymous_2)","decl":{"start":{"line":16,"column":36},"end":{"line":16,"column":37}},"loc":{"start":{"line":16,"column":47},"end":{"line":20,"column":5}},"line":16},"3":{"name":"(anonymous_3)","decl":{"start":{"line":23,"column":2},"end":{"line":23,"column":3}},"loc":{"start":{"line":23,"column":11},"end":{"line":41,"column":3}},"line":23}},"branchMap":{"0":{"loc":{"start":{"line":25,"column":11},"end":{"line":40,"column":5}},"type":"cond-expr","locations":[{"start":{"line":26,"column":6},"end":{"line":29,"column":12}},{"start":{"line":31,"column":6},"end":{"line":39,"column":12}}],"line":25}},"s":{"0":7,"1":7,"2":8,"3":4,"4":7,"5":7},"f":{"0":7,"1":8,"2":4,"3":7},"b":{"0":[1,6]},"_coverageSchema":"43e27e138ebf9cfc5966b082cf9a028302ed4184","hash":"6dcca644bea0362530cc075537d13382e327e725"}
,"/Users/shubhamkumar/Desktop/ROBO/robofriends/src/components/SearchBox.js": {"path":"/Users/shubhamkumar/Desktop/ROBO/robofriends/src/components/SearchBox.js","statementMap":{"0":{"start":{"line":3,"column":18},"end":{"line":16,"column":1}},"1":{"start":{"line":5,"column":2},"end":{"line":15,"column":4}}},"fnMap":{"0":{"name":"(anonymous_0)","decl":{"start":{"line":3,"column":18},"end":{"line":3,"column":19}},"loc":{"start":{"line":3,"column":53},"end":{"line":16,"column":1}},"line":3}},"branchMap":{},"s":{"0":2,"1":1},"f":{"0":1},"b":{},"_coverageSchema":"43e27e138ebf9cfc5966b082cf9a028302ed4184","hash":"591d9ea54d87732416f271f9f9e950dc357436aa"}
,"/Users/shubhamkumar/Desktop/ROBO/robofriends/src/containers/App.js": {"path":"/Users/shubhamkumar/Desktop/ROBO/robofriends/src/containers/App.js","statementMap":{"0":{"start":{"line":13,"column":24},"end":{"line":20,"column":1}},"1":{"start":{"line":14,"column":2},"end":{"line":19,"column":4}},"2":{"start":{"line":22,"column":27},"end":{"line":27,"column":1}},"3":{"start":{"line":23,"column":2},"end":{"line":26,"column":4}},"4":{"start":{"line":24,"column":31},"end":{"line":24,"column":75}},"5":{"start":{"line":25,"column":27},"end":{"line":25,"column":52}},"6":{"start":{"line":31,"column":4},"end":{"line":31,"column":40}}},"fnMap":{"0":{"name":"(anonymous_0)","decl":{"start":{"line":13,"column":24},"end":{"line":13,"column":25}},"loc":{"start":{"line":13,"column":35},"end":{"line":20,"column":1}},"line":13},"1":{"name":"(anonymous_1)","decl":{"start":{"line":22,"column":27},"end":{"line":22,"column":28}},"loc":{"start":{"line":22,"column":41},"end":{"line":27,"column":1}},"line":22},"2":{"name":"(anonymous_2)","decl":{"start":{"line":24,"column":20},"end":{"line":24,"column":21}},"loc":{"start":{"line":24,"column":31},"end":{"line":24,"column":75}},"line":24},"3":{"name":"(anonymous_3)","decl":{"start":{"line":25,"column":21},"end":{"line":25,"column":22}},"loc":{"start":{"line":25,"column":27},"end":{"line":25,"column":52}},"line":25},"4":{"name":"(anonymous_4)","decl":{"start":{"line":30,"column":2},"end":{"line":30,"column":3}},"loc":{"start":{"line":30,"column":11},"end":{"line":32,"column":3}},"line":30}},"branchMap":{},"s":{"0":0,"1":0,"2":0,"3":0,"4":0,"5":0,"6":0},"f":{"0":0,"1":0,"2":0,"3":0,"4":0},"b":{},"hash":"75be17da950f2a138d407a15a51aed009b7fd531"}
}
