TN:
SF:/Users/shubhamkumar/Desktop/ROBO/robofriends/src/index.js
FNF:0
FNH:0
DA:13,0
DA:15,0
DA:17,0
DA:22,0
DA:32,0
LF:5
LH:0
BRF:0
BRH:0
end_of_record
TN:
SF:/Users/shubhamkumar/Desktop/ROBO/robofriends/src/components/Card.js
FN:4,(anonymous_0)
FNF:1
FNH:1
FNDA:1,(anonymous_0)
DA:4,3
DA:5,1
LF:2
LH:2
BRF:0
BRH:0
end_of_record
TN:
SF:/Users/shubhamkumar/Desktop/ROBO/robofriends/src/components/CounterButton.js
FN:4,(anonymous_0)
FN:18,(anonymous_1)
FN:19,(anonymous_2)
FN:23,(anonymous_3)
FNF:4
FNH:4
FNDA:2,(anonymous_0)
FNDA:3,(anonymous_1)
FNDA:3,(anonymous_2)
FNDA:5,(anonymous_3)
DA:5,2
DA:6,2
DA:18,2
DA:19,3
DA:20,3
DA:25,5
LF:6
LH:6
BRF:0
BRH:0
end_of_record
TN:
SF:/Users/shubhamkumar/Desktop/ROBO/robofriends/src/components/MainPage.js
FN:11,(anonymous_0)
FN:15,(anonymous_1)
FN:16,(anonymous_2)
FN:23,(anonymous_3)
FNF:4
FNH:4
FNDA:7,(anonymous_0)
FNDA:8,(anonymous_1)
FNDA:4,(anonymous_2)
FNDA:7,(anonymous_3)
DA:12,7
DA:15,7
DA:16,8
DA:17,4
DA:24,7
DA:25,7
LF:6
LH:6
BRDA:25,0,0,1
BRDA:25,0,1,6
BRF:2
BRH:2
end_of_record
TN:
SF:/Users/shubhamkumar/Desktop/ROBO/robofriends/src/components/SearchBox.js
FN:3,(anonymous_0)
FNF:1
FNH:1
FNDA:1,(anonymous_0)
DA:3,2
DA:5,1
LF:2
LH:2
BRF:0
BRH:0
end_of_record
TN:
SF:/Users/shubhamkumar/Desktop/ROBO/robofriends/src/containers/App.js
FN:13,(anonymous_0)
FN:22,(anonymous_1)
FN:24,(anonymous_2)
FN:25,(anonymous_3)
FN:30,(anonymous_4)
FNF:5
FNH:0
FNDA:0,(anonymous_0)
FNDA:0,(anonymous_1)
FNDA:0,(anonymous_2)
FNDA:0,(anonymous_3)
FNDA:0,(anonymous_4)
DA:13,0
DA:14,0
DA:22,0
DA:23,0
DA:24,0
DA:25,0
DA:31,0
LF:7
LH:0
BRF:0
BRH:0
end_of_record
